Mtot: 197.138
Ptcls num: 8498
This is a sample program of Smoothed Particle Hydrodynamics on FDPS!
# of proc is   1
# of thread is 32
//=====================================
time = 0.0000000000000000e+00, dt = 9.9410253007991309e-04
//================================
output result/0000.dat.
//================================
//================================
time = 0.0000000000000000e+00, dt = 7.3307651295014323e-04
step = 0
//================================
1.6752759965463980e+02
4.1881899913645009e+02
0.0000000000000000e+00
0.0000000000000000e+00
0.0000000000000000e+00
//================================
time = 7.3307651295014323e-04, dt = 6.4768829778297614e-03
step = 1
//================================
1.6752759965463980e+02
4.1881899913645009e+02
0.0000000000000000e+00
0.0000000000000000e+00
0.0000000000000000e+00
//================================
time = 7.2099594907799047e-03, dt = 7.3960388363329679e-03
step = 2
//================================
1.6752759965463980e+02
4.1881899913645009e+02
0.0000000000000000e+00
0.0000000000000000e+00
0.0000000000000000e+00
//================================
time = 1.4605998327112873e-02, dt = 7.8458840344057604e-03
step = 3
//================================
1.6752759965463980e+02
4.1881899913645009e+02
0.0000000000000000e+00
0.0000000000000000e+00
0.0000000000000000e+00
//================================
time = 2.2451882361518634e-02, dt = 8.2052951434721487e-03
step = 4
//================================
1.6752759965463980e+02
4.1881899913645009e+02
0.0000000000000000e+00
0.0000000000000000e+00
0.0000000000000000e+00
//================================
time = 3.0657177504990783e-02, dt = 8.4892063497001499e-03
step = 5
//================================
1.6752759965463980e+02
4.1881899913645009e+02
0.0000000000000000e+00
0.0000000000000000e+00
0.0000000000000000e+00
//================================
time = 3.9146383854690936e-02, dt = 8.7376526264234030e-03
step = 6
//================================
1.6752759965463980e+02
4.1881899913645009e+02
0.0000000000000000e+00
0.0000000000000000e+00
0.0000000000000000e+00
//================================
time = 4.7884036481114341e-02, dt = 8.9608981268012762e-03
step = 7
//================================
1.6752759965463980e+02
4.1881899913645009e+02
0.0000000000000000e+00
0.0000000000000000e+00
0.0000000000000000e+00
//================================
time = 5.6844934607915620e-02, dt = 9.1648807270020994e-03
step = 8
//================================
1.6752759965463980e+02
4.1881899913645009e+02
0.0000000000000000e+00
0.0000000000000000e+00
0.0000000000000000e+00
//================================
time = 6.6009815334917718e-02, dt = 9.3532998867421942e-03
step = 9
//================================
1.6752759965463980e+02
4.1881899913645009e+02
0.0000000000000000e+00
0.0000000000000000e+00
0.0000000000000000e+00
//================================
output result/0010.dat.
//================================
//================================
time = 7.5363115221659907e-02, dt = 9.5287093927050679e-03
step = 10
//================================
1.6752759965463980e+02
4.1881899913645009e+02
0.0000000000000000e+00
0.0000000000000000e+00
0.0000000000000000e+00
//================================
time = 8.4891824614364980e-02, dt = 9.6930381926713712e-03
step = 11
//================================
1.6752759965463980e+02
4.1881899913645009e+02
0.0000000000000000e+00
0.0000000000000000e+00
0.0000000000000000e+00
//================================
time = 9.4584862807036346e-02, dt = 9.8478226581104247e-03
step = 12
//================================
1.6752759965463980e+02
4.1881899913645009e+02
0.0000000000000000e+00
0.0000000000000000e+00
0.0000000000000000e+00
//================================
time = 1.0443268546514677e-01, dt = 9.9738708301365300e-03
step = 13
//================================
1.6752759965463980e+02
4.1881899913645009e+02
0.0000000000000000e+00
0.0000000000000000e+00
0.0000000000000000e+00
//================================
time = 1.1440655629528329e-01, dt = 1.0087455485091807e-02
step = 14
//================================
1.6752759965463980e+02
4.1881899913645009e+02
0.0000000000000000e+00
0.0000000000000000e+00
0.0000000000000000e+00
//================================
time = 1.2449401178037510e-01, dt = 1.0185186699644477e-02
step = 15
//================================
1.6752759965463980e+02
4.1881899913645009e+02
0.0000000000000000e+00
0.0000000000000000e+00
0.0000000000000000e+00
//================================
time = 1.3467919848001958e-01, dt = 1.0283701263779695e-02
step = 16
//================================
1.6752759965463980e+02
4.1881899913645009e+02
0.0000000000000000e+00
0.0000000000000000e+00
0.0000000000000000e+00
//================================
time = 1.4496289974379928e-01, dt = 1.0382404052904796e-02
step = 17
//================================
1.6752759965463980e+02
4.1881899913645009e+02
0.0000000000000000e+00
0.0000000000000000e+00
0.0000000000000000e+00
//================================
time = 1.5534530379670408e-01, dt = 1.0480773436191283e-02
step = 18
//================================
1.6752759965463980e+02
4.1881899913645009e+02
0.0000000000000000e+00
0.0000000000000000e+00
0.0000000000000000e+00
//================================
time = 1.6582607723289536e-01, dt = 1.0578386457743637e-02
step = 19
//================================
1.6752759965463980e+02
4.1881899913645009e+02
0.0000000000000000e+00
0.0000000000000000e+00
0.0000000000000000e+00
//================================
output result/0020.dat.
//================================
//================================
time = 1.7640446369063900e-01, dt = 1.0673482526340844e-02
step = 20
//================================
1.6752759965463980e+02
4.1881899913645009e+02
0.0000000000000000e+00
0.0000000000000000e+00
0.0000000000000000e+00
//================================
time = 1.8707794621697985e-01, dt = 1.0766227931838256e-02
step = 21
//================================
1.6752759965463980e+02
4.1881899913645009e+02
0.0000000000000000e+00
0.0000000000000000e+00
0.0000000000000000e+00
//================================
time = 1.9784417414881811e-01, dt = 1.0857822312055142e-02
step = 22
//================================
1.6752759965463980e+02
4.1881899913645009e+02
0.0000000000000000e+00
0.0000000000000000e+00
0.0000000000000000e+00
//================================
time = 2.0870199646087326e-01, dt = 1.0948101507213289e-02
step = 23
//================================
1.6752759965463980e+02
4.1881899913645009e+02
0.0000000000000000e+00
0.0000000000000000e+00
0.0000000000000000e+00
//================================
time = 2.1965009796808654e-01, dt = 1.1036953699954574e-02
step = 24
//================================
1.6752759965463980e+02
4.1881899913645009e+02
0.0000000000000000e+00
0.0000000000000000e+00
0.0000000000000000e+00
//================================
time = 2.3068705166804113e-01, dt = 1.1124307980670847e-02
step = 25
//================================
1.6752759965463980e+02
4.1881899913645009e+02
0.0000000000000000e+00
0.0000000000000000e+00
0.0000000000000000e+00
//================================
time = 2.4181135964871198e-01, dt = 1.1210124861155937e-02
step = 26
//================================
1.6752759965463980e+02
4.1881899913645009e+02
0.0000000000000000e+00
0.0000000000000000e+00
0.0000000000000000e+00
//================================
time = 2.5302148450986789e-01, dt = 1.1294388636839419e-02
step = 27
//================================
1.6752759965463980e+02
4.1881899913645009e+02
0.0000000000000000e+00
0.0000000000000000e+00
0.0000000000000000e+00
//================================
time = 2.6431587314670729e-01, dt = 1.1377101356013160e-02
step = 28
//================================
1.6752759965463980e+02
4.1881899913645009e+02
0.0000000000000000e+00
0.0000000000000000e+00
0.0000000000000000e+00
//================================
time = 2.7569297450272046e-01, dt = 1.1458278121028441e-02
step = 29
//================================
1.6752759965463980e+02
4.1881899913645009e+02
0.0000000000000000e+00
0.0000000000000000e+00
0.0000000000000000e+00
//================================
output result/0030.dat.
//================================
//================================
time = 2.8715125262374891e-01, dt = 1.1537943461186514e-02
step = 30
//================================
1.6752759965463980e+02
4.1881899913645009e+02
0.0000000000000000e+00
0.0000000000000000e+00
0.0000000000000000e+00
//================================
time = 2.9868919608493544e-01, dt = 1.1616128555313285e-02
step = 31
//================================
1.6752759965463980e+02
4.1881899913645009e+02
0.0000000000000000e+00
0.0000000000000000e+00
0.0000000000000000e+00
//================================
time = 3.1030532464024874e-01, dt = 1.1692869115967744e-02
step = 32
//================================
1.6752759965463980e+02
4.1881899913645009e+02
0.0000000000000000e+00
0.0000000000000000e+00
0.0000000000000000e+00
//================================
time = 3.2199819375621647e-01, dt = 1.1768203787684270e-02
step = 33
//================================
1.6752759965463980e+02
4.1881899913645009e+02
0.0000000000000000e+00
0.0000000000000000e+00
0.0000000000000000e+00
//================================
time = 3.3376639754390075e-01, dt = 1.1842172944078197e-02
step = 34
//================================
1.6752759965463980e+02
4.1881899913645009e+02
0.0000000000000000e+00
0.0000000000000000e+00
0.0000000000000000e+00
//================================
time = 3.4560857048797894e-01, dt = 1.1914817776431778e-02
step = 35
//================================
1.6752759965463980e+02
4.1881899913645009e+02
0.0000000000000000e+00
0.0000000000000000e+00
0.0000000000000000e+00
//================================
time = 3.5752338826441071e-01, dt = 1.1986179641666414e-02
step = 36
//================================
1.6752759965463980e+02
4.1881899913645009e+02
0.0000000000000000e+00
0.0000000000000000e+00
0.0000000000000000e+00
//================================
time = 3.6950956790607714e-01, dt = 1.2056299559345056e-02
step = 37
//================================
1.6752759965463980e+02
4.1881899913645009e+02
0.0000000000000000e+00
0.0000000000000000e+00
0.0000000000000000e+00
//================================
time = 3.8156586746542220e-01, dt = 1.2125217864613510e-02
step = 38
//================================
1.6752759965463980e+02
4.1881899913645009e+02
0.0000000000000000e+00
0.0000000000000000e+00
0.0000000000000000e+00
//================================
time = 3.9369108533003572e-01, dt = 1.2192973955542006e-02
step = 39
//================================
1.6752759965463980e+02
4.1881899913645009e+02
0.0000000000000000e+00
0.0000000000000000e+00
0.0000000000000000e+00
//================================
output result/0040.dat.
//================================
//================================
time = 4.0588405928557775e-01, dt = 1.2259606121282799e-02
step = 40
//================================
1.6752759965463980e+02
4.1881899913645009e+02
0.0000000000000000e+00
0.0000000000000000e+00
0.0000000000000000e+00
//================================
time = 4.1814366540686054e-01, dt = 1.2325151429943131e-02
step = 41
//================================
1.6752759965463980e+02
4.1881899913645009e+02
0.0000000000000000e+00
0.0000000000000000e+00
0.0000000000000000e+00
//================================
time = 4.3046881683680366e-01, dt = 1.2389645660858617e-02
step = 42
//================================
1.6752759965463980e+02
4.1881899913645009e+02
0.0000000000000000e+00
0.0000000000000000e+00
0.0000000000000000e+00
//================================
time = 4.4285846249766225e-01, dt = 1.2453123270892916e-02
step = 43
//================================
1.6752759965463980e+02
4.1881899913645009e+02
0.0000000000000000e+00
0.0000000000000000e+00
0.0000000000000000e+00
//================================
time = 4.5531158576855518e-01, dt = 1.2515617385363746e-02
step = 44
//================================
1.6752759965463980e+02
4.1881899913645009e+02
0.0000000000000000e+00
0.0000000000000000e+00
0.0000000000000000e+00
//================================
time = 4.6782720315391890e-01, dt = 1.2577159807271128e-02
step = 45
//================================
1.6752759965463980e+02
4.1881899913645009e+02
0.0000000000000000e+00
0.0000000000000000e+00
0.0000000000000000e+00
//================================
time = 4.8040436296119005e-01, dt = 1.2637781040219951e-02
step = 46
//================================
1.6752759965463980e+02
4.1881899913645009e+02
0.0000000000000000e+00
0.0000000000000000e+00
0.0000000000000000e+00
//================================
time = 4.9304214400141000e-01, dt = 1.2697510320592915e-02
step = 47
//================================
1.6752759965463980e+02
4.1881899913645009e+02
0.0000000000000000e+00
0.0000000000000000e+00
0.0000000000000000e+00
//================================
time = 5.0573965432200296e-01, dt = 1.2756375656318250e-02
step = 48
//================================
1.6752759965463980e+02
4.1881899913645009e+02
0.0000000000000000e+00
0.0000000000000000e+00
0.0000000000000000e+00
//================================
time = 5.1849602997832123e-01, dt = 1.2814403865668372e-02
step = 49
//================================
1.6752759965463980e+02
4.1881899913645009e+02
0.0000000000000000e+00
0.0000000000000000e+00
0.0000000000000000e+00
//================================
output result/0050.dat.
//================================
//================================
time = 5.3131043384398957e-01, dt = 1.2871620639863190e-02
step = 50
//================================
1.6752759965463980e+02
4.1881899913645009e+02
0.0000000000000000e+00
0.0000000000000000e+00
0.0000000000000000e+00
//================================
time = 5.4418205448385271e-01, dt = 1.2928050563339510e-02
step = 51
//================================
1.6752759965463980e+02
4.1881899913645009e+02
0.0000000000000000e+00
0.0000000000000000e+00
0.0000000000000000e+00
//================================
time = 5.5711010504719227e-01, dt = 1.2983717183941418e-02
step = 52
//================================
1.6752759965463980e+02
4.1881899913645009e+02
0.0000000000000000e+00
0.0000000000000000e+00
0.0000000000000000e+00
//================================
time = 5.7009382223113370e-01, dt = 1.3038643046720874e-02
step = 53
//================================
1.6752759965463980e+02
4.1881899913645009e+02
0.0000000000000000e+00
0.0000000000000000e+00
0.0000000000000000e+00
//================================
time = 5.8313246527785456e-01, dt = 1.3092849746080477e-02
step = 54
//================================
1.6752759965463980e+02
4.1881899913645009e+02
0.0000000000000000e+00
0.0000000000000000e+00
0.0000000000000000e+00
//================================
time = 5.9622531502393505e-01, dt = 1.3146357969559262e-02
step = 55
//================================
1.6752759965463980e+02
4.1881899913645009e+02
0.0000000000000000e+00
0.0000000000000000e+00
0.0000000000000000e+00
//================================
time = 6.0937167299349426e-01, dt = 1.3199187541000364e-02
step = 56
//================================
1.6752759965463980e+02
4.1881899913645009e+02
0.0000000000000000e+00
0.0000000000000000e+00
0.0000000000000000e+00
//================================
time = 6.2257086053449462e-01, dt = 1.3251357464523966e-02
step = 57
//================================
1.6752759965463980e+02
4.1881899913645009e+02
0.0000000000000000e+00
0.0000000000000000e+00
0.0000000000000000e+00
//================================
time = 6.3582221799901861e-01, dt = 1.3302885957562717e-02
step = 58
//================================
1.6752759965463980e+02
4.1881899913645009e+02
0.0000000000000000e+00
0.0000000000000000e+00
0.0000000000000000e+00
//================================
time = 6.4912510395658130e-01, dt = 1.3353790499784059e-02
step = 59
//================================
1.6752759965463980e+02
4.1881899913645009e+02
0.0000000000000000e+00
0.0000000000000000e+00
0.0000000000000000e+00
//================================
output result/0060.dat.
//================================
//================================
time = 6.6247889445636532e-01, dt = 1.3404087862745055e-02
step = 60
//================================
1.6752759965463980e+02
4.1881899913645009e+02
0.0000000000000000e+00
0.0000000000000000e+00
0.0000000000000000e+00
//================================
time = 6.7588298231911037e-01, dt = 1.3453794146438611e-02
step = 61
//================================
1.6752759965463980e+02
4.1881899913645009e+02
0.0000000000000000e+00
0.0000000000000000e+00
0.0000000000000000e+00
//================================
time = 6.8933677646554903e-01, dt = 1.3502924812422559e-02
step = 62
//================================
1.6752759965463980e+02
4.1881899913645009e+02
0.0000000000000000e+00
0.0000000000000000e+00
0.0000000000000000e+00
//================================
time = 7.0283970127797157e-01, dt = 1.3551494715140992e-02
step = 63
//================================
1.6752759965463980e+02
4.1881899913645009e+02
0.0000000000000000e+00
0.0000000000000000e+00
0.0000000000000000e+00
//================================
time = 7.1639119599311252e-01, dt = 1.3599518131715308e-02
step = 64
//================================
1.6752759965463980e+02
4.1881899913645009e+02
0.0000000000000000e+00
0.0000000000000000e+00
0.0000000000000000e+00
//================================
time = 7.2999071412482786e-01, dt = 1.3647008790086644e-02
step = 65
//================================
1.6752759965463980e+02
4.1881899913645009e+02
0.0000000000000000e+00
0.0000000000000000e+00
0.0000000000000000e+00
//================================
time = 7.4363772291491448e-01, dt = 1.3693979895730249e-02
step = 66
//================================
1.6752759965463980e+02
4.1881899913645009e+02
0.0000000000000000e+00
0.0000000000000000e+00
0.0000000000000000e+00
//================================
time = 7.5733170281064477e-01, dt = 1.3740444156729601e-02
step = 67
//================================
1.6752759965463980e+02
4.1881899913645009e+02
0.0000000000000000e+00
0.0000000000000000e+00
0.0000000000000000e+00
//================================
time = 7.7107214696737436e-01, dt = 1.3786413807763806e-02
step = 68
//================================
1.6752759965463980e+02
4.1881899913645009e+02
0.0000000000000000e+00
0.0000000000000000e+00
0.0000000000000000e+00
//================================
time = 7.8485856077513816e-01, dt = 1.3831900632324479e-02
step = 69
//================================
1.6752759965463980e+02
4.1881899913645009e+02
0.0000000000000000e+00
0.0000000000000000e+00
0.0000000000000000e+00
//================================
output result/0070.dat.
//================================
//================================
time = 7.9869046140746258e-01, dt = 1.3876915985154538e-02
step = 70
//================================
1.6752759965463980e+02
4.1881899913645009e+02
0.0000000000000000e+00
0.0000000000000000e+00
0.0000000000000000e+00
//================================
time = 8.1256737739261709e-01, dt = 1.3921470810672493e-02
step = 71
//================================
1.6752759965463980e+02
4.1881899913645009e+02
0.0000000000000000e+00
0.0000000000000000e+00
0.0000000000000000e+00
//================================
time = 8.2648884820328961e-01, dt = 1.3965575673387352e-02
step = 72
//================================
1.6752759965463980e+02
4.1881899913645009e+02
0.0000000000000000e+00
0.0000000000000000e+00
0.0000000000000000e+00
//================================
time = 8.4045442387667690e-01, dt = 1.4009240725602716e-02
step = 73
//================================
1.6752759965463980e+02
4.1881899913645009e+02
0.0000000000000000e+00
0.0000000000000000e+00
0.0000000000000000e+00
//================================
time = 8.5446366460227963e-01, dt = 1.4052475823835545e-02
step = 74
//================================
1.6752759965463980e+02
4.1881899913645009e+02
0.0000000000000000e+00
0.0000000000000000e+00
0.0000000000000000e+00
//================================
time = 8.6851614042611514e-01, dt = 1.4095290445913006e-02
step = 75
//================================
1.6752759965463980e+02
4.1881899913645009e+02
0.0000000000000000e+00
0.0000000000000000e+00
0.0000000000000000e+00
//================================
time = 8.8261143087202809e-01, dt = 1.4137693754066172e-02
step = 76
//================================
1.6752759965463980e+02
4.1881899913645009e+02
0.0000000000000000e+00
0.0000000000000000e+00
0.0000000000000000e+00
//================================
time = 8.9674912462609424e-01, dt = 1.4179694605102839e-02
step = 77
//================================
1.6752759965463980e+02
4.1881899913645009e+02
0.0000000000000000e+00
0.0000000000000000e+00
0.0000000000000000e+00
//================================
time = 9.1092881923119706e-01, dt = 1.4221301557863159e-02
step = 78
//================================
1.6752759965463980e+02
4.1881899913645009e+02
0.0000000000000000e+00
0.0000000000000000e+00
0.0000000000000000e+00
//================================
time = 9.2515012078906023e-01, dt = 1.4262522895691788e-02
step = 79
//================================
1.6752759965463980e+02
4.1881899913645009e+02
0.0000000000000000e+00
0.0000000000000000e+00
0.0000000000000000e+00
//================================
output result/0080.dat.
//================================
//================================
time = 9.3941264368475197e-01, dt = 1.4303366608063165e-02
step = 80
//================================
1.6752759965463980e+02
4.1881899913645009e+02
0.0000000000000000e+00
0.0000000000000000e+00
0.0000000000000000e+00
//================================
time = 9.5371601029281516e-01, dt = 1.4343840449363755e-02
step = 81
//================================
1.6752759965463980e+02
4.1881899913645009e+02
0.0000000000000000e+00
0.0000000000000000e+00
0.0000000000000000e+00
//================================
time = 9.6805985074217893e-01, dt = 1.4383951918785760e-02
step = 82
//================================
1.6752759965463980e+02
4.1881899913645009e+02
0.0000000000000000e+00
0.0000000000000000e+00
0.0000000000000000e+00
//================================
time = 9.8244380266096465e-01, dt = 1.4423708277756856e-02
step = 83
//================================
1.6752759965463980e+02
4.1881899913645009e+02
0.0000000000000000e+00
0.0000000000000000e+00
0.0000000000000000e+00
//================================
time = 9.9686751093872150e-01, dt = 1.4463116560472332e-02
step = 84
//================================
1.6752759965463980e+02
4.1881899913645009e+02
0.0000000000000000e+00
0.0000000000000000e+00
0.0000000000000000e+00
//================================
time = 1.0113306274991938e+00, dt = 1.4502183583177362e-02
step = 85
//================================
1.6752759965463980e+02
4.1881899913645009e+02
0.0000000000000000e+00
0.0000000000000000e+00
0.0000000000000000e+00
//================================
time = 1.0258328110823711e+00, dt = 1.4540915953104997e-02
step = 86
//================================
1.6752759965463980e+02
4.1881899913645009e+02
0.0000000000000000e+00
0.0000000000000000e+00
0.0000000000000000e+00
//================================
time = 1.0403737270354760e+00, dt = 1.4579320067645228e-02
step = 87
//================================
1.6752759965463980e+02
4.1881899913645009e+02
0.0000000000000000e+00
0.0000000000000000e+00
0.0000000000000000e+00
//================================
time = 1.0549530471031212e+00, dt = 1.4617402159870705e-02
step = 88
//================================
1.6752759965463980e+02
4.1881899913645009e+02
0.0000000000000000e+00
0.0000000000000000e+00
0.0000000000000000e+00
//================================
time = 1.0695704492629918e+00, dt = 1.4655168250307021e-02
step = 89
//================================
1.6752759965463980e+02
4.1881899913645009e+02
0.0000000000000000e+00
0.0000000000000000e+00
0.0000000000000000e+00
//================================
output result/0090.dat.
//================================
//================================
time = 1.0842256175132989e+00, dt = 1.4692624191037427e-02
step = 90
//================================
1.6752759965463980e+02
4.1881899913645009e+02
0.0000000000000000e+00
0.0000000000000000e+00
0.0000000000000000e+00
//================================
time = 1.0989182417043364e+00, dt = 1.4729775664037601e-02
step = 91
//================================
1.6752759965463980e+02
4.1881899913645009e+02
0.0000000000000000e+00
0.0000000000000000e+00
0.0000000000000000e+00
//================================
time = 1.1136480173683740e+00, dt = 1.4766628187398585e-02
step = 92
//================================
1.6752759965463980e+02
4.1881899913645009e+02
0.0000000000000000e+00
0.0000000000000000e+00
0.0000000000000000e+00
//================================
time = 1.1284146455557726e+00, dt = 1.4803187118538145e-02
step = 93
//================================
1.6752759965463980e+02
4.1881899913645009e+02
0.0000000000000000e+00
0.0000000000000000e+00
0.0000000000000000e+00
//================================
time = 1.1432178326743108e+00, dt = 1.4839457672912011e-02
step = 94
//================================
1.6752759965463980e+02
4.1881899913645009e+02
0.0000000000000000e+00
0.0000000000000000e+00
0.0000000000000000e+00
//================================
time = 1.1580572903472228e+00, dt = 1.4875444910749647e-02
step = 95
//================================
1.6752759965463980e+02
4.1881899913645009e+02
0.0000000000000000e+00
0.0000000000000000e+00
0.0000000000000000e+00
//================================
time = 1.1729327352579724e+00, dt = 1.4911153755110165e-02
step = 96
//================================
1.6752759965463980e+02
4.1881899913645009e+02
0.0000000000000000e+00
0.0000000000000000e+00
0.0000000000000000e+00
//================================
time = 1.1878438890130825e+00, dt = 1.4946588993246749e-02
step = 97
//================================
1.6752759965463980e+02
4.1881899913645009e+02
0.0000000000000000e+00
0.0000000000000000e+00
0.0000000000000000e+00
//================================
time = 1.2027904780063292e+00, dt = 1.4981755284708837e-02
step = 98
//================================
1.6752759965463980e+02
4.1881899913645009e+02
0.0000000000000000e+00
0.0000000000000000e+00
0.0000000000000000e+00
//================================
time = 1.2177722332910381e+00, dt = 1.5016657161290687e-02
step = 99
//================================
1.6752759965463980e+02
4.1881899913645009e+02
0.0000000000000000e+00
0.0000000000000000e+00
0.0000000000000000e+00
//================================
output result/0100.dat.
//================================
//================================
time = 1.2327888904523288e+00, dt = 1.5051299034768317e-02
step = 100
//================================
1.6752759965463980e+02
4.1881899913645009e+02
0.0000000000000000e+00
0.0000000000000000e+00
0.0000000000000000e+00
//================================
time = 1.2478401894870972e+00, dt = 1.5085685200441033e-02
step = 101
//================================
1.6752759965463980e+02
4.1881899913645009e+02
0.0000000000000000e+00
0.0000000000000000e+00
0.0000000000000000e+00
//================================
time = 1.2629258746875383e+00, dt = 1.5119819841156824e-02
step = 102
//================================
1.6752759965463980e+02
4.1881899913645009e+02
0.0000000000000000e+00
0.0000000000000000e+00
0.0000000000000000e+00
//================================
time = 1.2780456945286951e+00, dt = 1.5153707031689154e-02
step = 103
//================================
1.6752759965463980e+02
4.1881899913645009e+02
0.0000000000000000e+00
0.0000000000000000e+00
0.0000000000000000e+00
//================================
time = 1.2931994015603843e+00, dt = 1.5187350741934695e-02
step = 104
//================================
1.6752759965463980e+02
4.1881899913645009e+02
0.0000000000000000e+00
0.0000000000000000e+00
0.0000000000000000e+00
//================================
time = 1.3083867523023189e+00, dt = 1.5220754840848803e-02
step = 105
//================================
1.6752759965463980e+02
4.1881899913645009e+02
0.0000000000000000e+00
0.0000000000000000e+00
0.0000000000000000e+00
//================================
time = 1.3236075071431677e+00, dt = 1.5253923099906655e-02
step = 106
//================================
1.6752759965463980e+02
4.1881899913645009e+02
0.0000000000000000e+00
0.0000000000000000e+00
0.0000000000000000e+00
//================================
time = 1.3388614302430744e+00, dt = 1.5286859196371820e-02
step = 107
//================================
1.6752759965463980e+02
4.1881899913645009e+02
0.0000000000000000e+00
0.0000000000000000e+00
0.0000000000000000e+00
//================================
time = 1.3541482894394461e+00, dt = 1.5319566716507178e-02
step = 108
//================================
1.6752759965463980e+02
4.1881899913645009e+02
0.0000000000000000e+00
0.0000000000000000e+00
0.0000000000000000e+00
//================================
time = 1.3694678561559532e+00, dt = 1.5352049158719419e-02
step = 109
//================================
1.6752759965463980e+02
4.1881899913645009e+02
0.0000000000000000e+00
0.0000000000000000e+00
0.0000000000000000e+00
//================================
output result/0110.dat.
//================================
//================================
time = 1.3848199053146726e+00, dt = 1.5384309935975058e-02
step = 110
//================================
1.6752759965463980e+02
4.1881899913645009e+02
0.0000000000000000e+00
0.0000000000000000e+00
0.0000000000000000e+00
//================================
time = 1.4002042152506475e+00, dt = 1.5416352379374741e-02
step = 111
//================================
1.6752759965463980e+02
4.1881899913645009e+02
0.0000000000000000e+00
0.0000000000000000e+00
0.0000000000000000e+00
//================================
time = 1.4156205676300222e+00, dt = 1.5448179740359972e-02
step = 112
//================================
1.6752759965463980e+02
4.1881899913645009e+02
0.0000000000000000e+00
0.0000000000000000e+00
0.0000000000000000e+00
//================================
time = 1.4310687473703823e+00, dt = 1.5479795193113375e-02
step = 113
//================================
1.6752759965463980e+02
4.1881899913645009e+02
0.0000000000000000e+00
0.0000000000000000e+00
0.0000000000000000e+00
//================================
time = 1.4465485425634956e+00, dt = 1.5511201837602849e-02
step = 114
//================================
1.6752759965463980e+02
4.1881899913645009e+02
0.0000000000000000e+00
0.0000000000000000e+00
0.0000000000000000e+00
//================================
time = 1.4620597444010985e+00, dt = 1.5542402701502226e-02
step = 115
//================================
1.6752759965463980e+02
4.1881899913645009e+02
0.0000000000000000e+00
0.0000000000000000e+00
0.0000000000000000e+00
//================================
time = 1.4776021471026008e+00, dt = 1.5573400742615612e-02
step = 116
//================================
1.6752759965463980e+02
4.1881899913645009e+02
0.0000000000000000e+00
0.0000000000000000e+00
0.0000000000000000e+00
//================================
time = 1.4931755478452164e+00, dt = 1.5604198850869220e-02
step = 117
//================================
1.6752759965463980e+02
4.1881899913645009e+02
0.0000000000000000e+00
0.0000000000000000e+00
0.0000000000000000e+00
//================================
time = 1.5087797466960857e+00, dt = 1.5634799852682509e-02
step = 118
//================================
1.6752759965463980e+02
4.1881899913645009e+02
0.0000000000000000e+00
0.0000000000000000e+00
0.0000000000000000e+00
//================================
time = 1.5244145465487682e+00, dt = 1.5665206505515266e-02
step = 119
//================================
1.6752759965463980e+02
4.1881899913645009e+02
0.0000000000000000e+00
0.0000000000000000e+00
0.0000000000000000e+00
//================================
output result/0120.dat.
//================================
//================================
time = 1.5400797530542834e+00, dt = 1.5695421510377363e-02
step = 120
//================================
1.6752759965463980e+02
4.1881899913645009e+02
0.0000000000000000e+00
0.0000000000000000e+00
0.0000000000000000e+00
//================================
time = 1.5557751745646606e+00, dt = 1.5725447508522679e-02
step = 121
//================================
1.6752759965463980e+02
4.1881899913645009e+02
0.0000000000000000e+00
0.0000000000000000e+00
0.0000000000000000e+00
//================================
time = 1.5715006220731833e+00, dt = 1.5755287078101945e-02
step = 122
//================================
1.6752759965463980e+02
4.1881899913645009e+02
0.0000000000000000e+00
0.0000000000000000e+00
0.0000000000000000e+00
//================================
time = 1.5872559091512852e+00, dt = 1.5784942746141093e-02
step = 123
//================================
1.6752759965463980e+02
4.1881899913645009e+02
0.0000000000000000e+00
0.0000000000000000e+00
0.0000000000000000e+00
//================================
time = 1.6030408518974264e+00, dt = 1.5814416983401226e-02
step = 124
//================================
1.6752759965463980e+02
4.1881899913645009e+02
0.0000000000000000e+00
0.0000000000000000e+00
0.0000000000000000e+00
//================================
time = 1.6188552688808275e+00, dt = 1.5843712207673267e-02
step = 125
//================================
1.6752759965463980e+02
4.1881899913645009e+02
0.0000000000000000e+00
0.0000000000000000e+00
0.0000000000000000e+00
//================================
time = 1.6346989810885009e+00, dt = 1.5872830785305988e-02
step = 126
//================================
1.6752759965463980e+02
4.1881899913645009e+02
0.0000000000000000e+00
0.0000000000000000e+00
0.0000000000000000e+00
//================================
time = 1.6505718118738069e+00, dt = 1.5901775032704644e-02
step = 127
//================================
1.6752759965463980e+02
4.1881899913645009e+02
0.0000000000000000e+00
0.0000000000000000e+00
0.0000000000000000e+00
//================================
time = 1.6664735869065115e+00, dt = 1.5930547217853513e-02
step = 128
//================================
1.6752759965463980e+02
4.1881899913645009e+02
0.0000000000000000e+00
0.0000000000000000e+00
0.0000000000000000e+00
//================================
time = 1.6824041341243650e+00, dt = 1.5959149561596074e-02
step = 129
//================================
1.6752759965463980e+02
4.1881899913645009e+02
0.0000000000000000e+00
0.0000000000000000e+00
0.0000000000000000e+00
//================================
output result/0130.dat.
//================================
//================================
time = 1.6983632836859610e+00, dt = 1.5987584238931273e-02
step = 130
//================================
1.6752759965463980e+02
4.1881899913645009e+02
0.0000000000000000e+00
0.0000000000000000e+00
0.0000000000000000e+00
//================================
time = 1.7143508679248922e+00, dt = 1.6015853380407438e-02
step = 131
//================================
1.6752759965463980e+02
4.1881899913645009e+02
0.0000000000000000e+00
0.0000000000000000e+00
0.0000000000000000e+00
//================================
time = 1.7303667213052996e+00, dt = 1.6043959073877175e-02
step = 132
//================================
1.6752759965463980e+02
4.1881899913645009e+02
0.0000000000000000e+00
0.0000000000000000e+00
0.0000000000000000e+00
//================================
time = 1.7464106803791768e+00, dt = 1.6071903363446691e-02
step = 133
//================================
1.6752759965463980e+02
4.1881899913645009e+02
0.0000000000000000e+00
0.0000000000000000e+00
0.0000000000000000e+00
//================================
time = 1.7624825837426235e+00, dt = 1.6099688254003857e-02
step = 134
//================================
1.6752759965463980e+02
4.1881899913645009e+02
0.0000000000000000e+00
0.0000000000000000e+00
0.0000000000000000e+00
//================================
time = 1.7785822719966273e+00, dt = 1.6127315710026964e-02
step = 135
//================================
1.6752759965463980e+02
4.1881899913645009e+02
0.0000000000000000e+00
0.0000000000000000e+00
0.0000000000000000e+00
//================================
time = 1.7947095877066543e+00, dt = 1.6154787658081062e-02
step = 136
//================================
1.6752759965463980e+02
4.1881899913645009e+02
0.0000000000000000e+00
0.0000000000000000e+00
0.0000000000000000e+00
//================================
time = 1.8108643753647353e+00, dt = 1.6182105984819988e-02
step = 137
//================================
1.6752759965463980e+02
4.1881899913645009e+02
0.0000000000000000e+00
0.0000000000000000e+00
0.0000000000000000e+00
//================================
time = 1.8270464813495553e+00, dt = 1.6209272542418076e-02
step = 138
//================================
1.6752759965463980e+02
4.1881899913645009e+02
0.0000000000000000e+00
0.0000000000000000e+00
0.0000000000000000e+00
//================================
time = 1.8432557538919734e+00, dt = 1.6236289146631812e-02
step = 139
//================================
1.6752759965463980e+02
4.1881899913645009e+02
0.0000000000000000e+00
0.0000000000000000e+00
0.0000000000000000e+00
//================================
output result/0140.dat.
//================================
//================================
time = 1.8594920430386053e+00, dt = 1.6263157577761887e-02
step = 140
//================================
1.6752759965463980e+02
4.1881899913645009e+02
0.0000000000000000e+00
0.0000000000000000e+00
0.0000000000000000e+00
//================================
time = 1.8757552006163671e+00, dt = 1.6289879584538751e-02
step = 141
//================================
1.6752759965463980e+02
4.1881899913645009e+02
0.0000000000000000e+00
0.0000000000000000e+00
0.0000000000000000e+00
//================================
time = 1.8920450802009059e+00, dt = 1.6316456878149473e-02
step = 142
//================================
1.6752759965463980e+02
4.1881899913645009e+02
0.0000000000000000e+00
0.0000000000000000e+00
0.0000000000000000e+00
//================================
time = 1.9083615370790554e+00, dt = 1.6342891145081372e-02
step = 143
//================================
1.6752759965463980e+02
4.1881899913645009e+02
0.0000000000000000e+00
0.0000000000000000e+00
0.0000000000000000e+00
//================================
time = 1.9247044282241368e+00, dt = 1.6369184033910470e-02
step = 144
//================================
1.6752759965463980e+02
4.1881899913645009e+02
0.0000000000000000e+00
0.0000000000000000e+00
0.0000000000000000e+00
//================================
time = 1.9410736122580472e+00, dt = 1.6395337164545772e-02
step = 145
//================================
1.6752759965463980e+02
4.1881899913645009e+02
0.0000000000000000e+00
0.0000000000000000e+00
0.0000000000000000e+00
//================================
time = 1.9574689494225930e+00, dt = 1.6421352128237685e-02
step = 146
//================================
1.6752759965463980e+02
4.1881899913645009e+02
0.0000000000000000e+00
0.0000000000000000e+00
0.0000000000000000e+00
//================================
time = 1.9738903015508307e+00, dt = 1.6447230485986807e-02
step = 147
//================================
1.6752759965463980e+02
4.1881899913645009e+02
0.0000000000000000e+00
0.0000000000000000e+00
0.0000000000000000e+00
//================================
time = 1.9903375320368175e+00, dt = 1.6472973771540316e-02
step = 148
//================================
1.6752759965463980e+02
4.1881899913645009e+02
0.0000000000000000e+00
0.0000000000000000e+00
0.0000000000000000e+00
//================================
time = 2.0068105058083576e+00, dt = 1.6498583490436838e-02
step = 149
//================================
1.6752759965463980e+02
4.1881899913645009e+02
0.0000000000000000e+00
0.0000000000000000e+00
0.0000000000000000e+00
//================================
output result/0150.dat.
//================================
//================================
time = 2.0233090892987944e+00, dt = 1.6524061120767455e-02
step = 150
//================================
1.6752759965463980e+02
4.1881899913645009e+02
0.0000000000000000e+00
0.0000000000000000e+00
0.0000000000000000e+00
//================================
time = 2.0398331504195619e+00, dt = 1.6549408116509262e-02
step = 151
//================================
1.6752759965463980e+02
4.1881899913645009e+02
0.0000000000000000e+00
0.0000000000000000e+00
0.0000000000000000e+00
//================================
time = 2.0563825585360713e+00, dt = 1.6574625904100429e-02
step = 152
//================================
1.6752759965463980e+02
4.1881899913645009e+02
0.0000000000000000e+00
0.0000000000000000e+00
0.0000000000000000e+00
//================================
time = 2.0729571844401717e+00, dt = 1.6599715885424887e-02
step = 153
//================================
1.6752759965463980e+02
4.1881899913645009e+02
0.0000000000000000e+00
0.0000000000000000e+00
0.0000000000000000e+00
//================================
time = 2.0895569003255967e+00, dt = 1.6624679438254093e-02
step = 154
//================================
1.6752759965463980e+02
4.1881899913645009e+02
0.0000000000000000e+00
0.0000000000000000e+00
0.0000000000000000e+00
//================================
time = 2.1061815797638510e+00, dt = 1.6649517916305891e-02
step = 155
//================================
1.6752759965463980e+02
4.1881899913645009e+02
0.0000000000000000e+00
0.0000000000000000e+00
0.0000000000000000e+00
//================================
time = 2.1228310976801570e+00, dt = 1.6674232650247724e-02
step = 156
//================================
1.6752759965463980e+02
4.1881899913645009e+02
0.0000000000000000e+00
0.0000000000000000e+00
0.0000000000000000e+00
//================================
time = 2.1395053303304046e+00, dt = 1.6698824948019261e-02
step = 157
//================================
1.6752759965463980e+02
4.1881899913645009e+02
0.0000000000000000e+00
0.0000000000000000e+00
0.0000000000000000e+00
//================================
time = 2.1562041552784237e+00, dt = 1.6723296095377531e-02
step = 158
//================================
1.6752759965463980e+02
4.1881899913645009e+02
0.0000000000000000e+00
0.0000000000000000e+00
0.0000000000000000e+00
//================================
time = 2.1729274513738011e+00, dt = 1.6747647356440593e-02
step = 159
//================================
1.6752759965463980e+02
4.1881899913645009e+02
0.0000000000000000e+00
0.0000000000000000e+00
0.0000000000000000e+00
//================================
output result/0160.dat.
//================================
//================================
time = 2.1896750987302416e+00, dt = 1.6771879974149508e-02
step = 160
//================================
1.6752759965463980e+02
4.1881899913645009e+02
0.0000000000000000e+00
0.0000000000000000e+00
0.0000000000000000e+00
//================================
time = 2.2064469787043910e+00, dt = 1.6795995170811914e-02
step = 161
//================================
1.6752759965463980e+02
4.1881899913645009e+02
0.0000000000000000e+00
0.0000000000000000e+00
0.0000000000000000e+00
//================================
time = 2.2232429738752031e+00, dt = 1.6819994148475799e-02
step = 162
//================================
1.6752759965463980e+02
4.1881899913645009e+02
0.0000000000000000e+00
0.0000000000000000e+00
0.0000000000000000e+00
//================================
time = 2.2400629680236790e+00, dt = 1.6843878089523787e-02
step = 163
//================================
1.6752759965463980e+02
4.1881899913645009e+02
0.0000000000000000e+00
0.0000000000000000e+00
0.0000000000000000e+00
//================================
time = 2.2569068461132029e+00, dt = 1.6867648156932539e-02
step = 164
//================================
1.6752759965463980e+02
4.1881899913645009e+02
0.0000000000000000e+00
0.0000000000000000e+00
0.0000000000000000e+00
//================================
time = 2.2737744942701354e+00, dt = 1.6891305495002330e-02
step = 165
//================================
1.6752759965463980e+02
4.1881899913645009e+02
0.0000000000000000e+00
0.0000000000000000e+00
0.0000000000000000e+00
//================================
time = 2.2906657997651378e+00, dt = 1.6914851229489578e-02
step = 166
//================================
1.6752759965463980e+02
4.1881899913645009e+02
0.0000000000000000e+00
0.0000000000000000e+00
0.0000000000000000e+00
//================================
time = 2.3075806509946273e+00, dt = 1.6938286467948392e-02
step = 167
//================================
1.6752759965463980e+02
4.1881899913645009e+02
0.0000000000000000e+00
0.0000000000000000e+00
0.0000000000000000e+00
//================================
time = 2.3245189374625759e+00, dt = 1.6961612300748125e-02
step = 168
//================================
1.6752759965463980e+02
4.1881899913645009e+02
0.0000000000000000e+00
0.0000000000000000e+00
0.0000000000000000e+00
//================================
time = 2.3414805497633240e+00, dt = 1.6984829800599496e-02
step = 169
//================================
1.6752759965463980e+02
4.1881899913645009e+02
0.0000000000000000e+00
0.0000000000000000e+00
0.0000000000000000e+00
//================================
output result/0170.dat.
//================================
//================================
time = 2.3584653795639237e+00, dt = 1.7007940023413680e-02
step = 170
//================================
1.6752759965463980e+02
4.1881899913645009e+02
0.0000000000000000e+00
0.0000000000000000e+00
0.0000000000000000e+00
//================================
time = 2.3754733195873374e+00, dt = 1.7030944008419844e-02
step = 171
//================================
1.6752759965463980e+02
4.1881899913645009e+02
0.0000000000000000e+00
0.0000000000000000e+00
0.0000000000000000e+00
//================================
time = 2.3925042635957574e+00, dt = 1.7053842779387499e-02
step = 172
//================================
1.6752759965463980e+02
4.1881899913645009e+02
0.0000000000000000e+00
0.0000000000000000e+00
0.0000000000000000e+00
//================================
time = 2.4095581063751448e+00, dt = 1.7076637343260113e-02
step = 173
//================================
1.6752759965463980e+02
4.1881899913645009e+02
0.0000000000000000e+00
0.0000000000000000e+00
0.0000000000000000e+00
//================================
time = 2.4266347437184050e+00, dt = 1.7099328692134628e-02
step = 174
//================================
1.6752759965463980e+02
4.1881899913645009e+02
0.0000000000000000e+00
0.0000000000000000e+00
0.0000000000000000e+00
//================================
time = 2.4437340724105399e+00, dt = 1.7121917802797284e-02
step = 175
//================================
1.6752759965463980e+02
4.1881899913645009e+02
0.0000000000000000e+00
0.0000000000000000e+00
0.0000000000000000e+00
//================================
time = 2.4608559902133371e+00, dt = 1.7144405637191454e-02
step = 176
//================================
1.6752759965463980e+02
4.1881899913645009e+02
0.0000000000000000e+00
0.0000000000000000e+00
0.0000000000000000e+00
//================================
time = 2.4780003958505286e+00, dt = 1.7166793142726820e-02
step = 177
//================================
1.6752759965463980e+02
4.1881899913645009e+02
0.0000000000000000e+00
0.0000000000000000e+00
0.0000000000000000e+00
//================================
time = 2.4951671889932552e+00, dt = 1.7189081252488289e-02
step = 178
//================================
1.6752759965463980e+02
4.1881899913645009e+02
0.0000000000000000e+00
0.0000000000000000e+00
0.0000000000000000e+00
//================================
time = 2.5123562702457436e+00, dt = 1.7211270885926451e-02
step = 179
//================================
1.6752759965463980e+02
4.1881899913645009e+02
0.0000000000000000e+00
0.0000000000000000e+00
0.0000000000000000e+00
//================================
output result/0180.dat.
//================================
//================================
time = 2.5295675411316703e+00, dt = 1.7233362948428362e-02
step = 180
//================================
1.6752759965463980e+02
4.1881899913645009e+02
0.0000000000000000e+00
0.0000000000000000e+00
0.0000000000000000e+00
//================================
time = 2.5468009040800985e+00, dt = 1.7255358332325332e-02
step = 181
//================================
1.6752759965463980e+02
4.1881899913645009e+02
0.0000000000000000e+00
0.0000000000000000e+00
0.0000000000000000e+00
//================================
time = 2.5640562624124237e+00, dt = 1.7277257916727264e-02
step = 182
//================================
1.6752759965463980e+02
4.1881899913645009e+02
0.0000000000000000e+00
0.0000000000000000e+00
0.0000000000000000e+00
//================================
time = 2.5813335203291508e+00, dt = 1.7299062567738530e-02
step = 183
//================================
1.6752759965463980e+02
4.1881899913645009e+02
0.0000000000000000e+00
0.0000000000000000e+00
0.0000000000000000e+00
//================================
time = 2.5986325828968893e+00, dt = 1.7320773139337296e-02
step = 184
//================================
1.6752759965463980e+02
4.1881899913645009e+02
0.0000000000000000e+00
0.0000000000000000e+00
0.0000000000000000e+00
//================================
time = 2.6159533560362265e+00, dt = 1.7342390472700180e-02
step = 185
//================================
1.6752759965463980e+02
4.1881899913645009e+02
0.0000000000000000e+00
0.0000000000000000e+00
0.0000000000000000e+00
//================================
time = 2.6332957465089266e+00, dt = 1.7363915397081129e-02
step = 186
//================================
1.6752759965463980e+02
4.1881899913645009e+02
0.0000000000000000e+00
0.0000000000000000e+00
0.0000000000000000e+00
//================================
time = 2.6506596619060079e+00, dt = 1.7385348729886761e-02
step = 187
//================================
1.6752759965463980e+02
4.1881899913645009e+02
0.0000000000000000e+00
0.0000000000000000e+00
0.0000000000000000e+00
//================================
time = 2.6680450106358946e+00, dt = 1.7406691276906361e-02
step = 188
//================================
1.6752759965463980e+02
4.1881899913645009e+02
0.0000000000000000e+00
0.0000000000000000e+00
0.0000000000000000e+00
//================================
time = 2.6854517019128008e+00, dt = 1.7427943832326806e-02
step = 189
//================================
1.6752759965463980e+02
4.1881899913645009e+02
0.0000000000000000e+00
0.0000000000000000e+00
0.0000000000000000e+00
//================================
output result/0190.dat.
//================================
//================================
time = 2.7028796457451274e+00, dt = 1.7449107179807005e-02
step = 190
//================================
1.6752759965463980e+02
4.1881899913645009e+02
0.0000000000000000e+00
0.0000000000000000e+00
0.0000000000000000e+00
//================================
time = 2.7203287529249343e+00, dt = 1.7470182091483155e-02
step = 191
//================================
1.6752759965463980e+02
4.1881899913645009e+02
0.0000000000000000e+00
0.0000000000000000e+00
0.0000000000000000e+00
//================================
time = 2.7377989350164174e+00, dt = 1.7491169328828011e-02
step = 192
//================================
1.6752759965463980e+02
4.1881899913645009e+02
0.0000000000000000e+00
0.0000000000000000e+00
0.0000000000000000e+00
//================================
time = 2.7552901043452454e+00, dt = 1.7512069642751645e-02
step = 193
//================================
1.6752759965463980e+02
4.1881899913645009e+02
0.0000000000000000e+00
0.0000000000000000e+00
0.0000000000000000e+00
//================================
time = 2.7728021739879969e+00, dt = 1.7532883773928129e-02
step = 194
//================================
1.6752759965463980e+02
4.1881899913645009e+02
0.0000000000000000e+00
0.0000000000000000e+00
0.0000000000000000e+00
//================================
time = 2.7903350577619248e+00, dt = 1.7553612452874925e-02
step = 195
//================================
1.6752759965463980e+02
4.1881899913645009e+02
0.0000000000000000e+00
0.0000000000000000e+00
0.0000000000000000e+00
//================================
time = 2.8078886702147998e+00, dt = 1.7574256400131771e-02
step = 196
//================================
1.6752759965463980e+02
4.1881899913645009e+02
0.0000000000000000e+00
0.0000000000000000e+00
0.0000000000000000e+00
//================================
time = 2.8254629266149314e+00, dt = 1.7594816326475481e-02
step = 197
//================================
1.6752759965463980e+02
4.1881899913645009e+02
0.0000000000000000e+00
0.0000000000000000e+00
0.0000000000000000e+00
//================================
time = 2.8430577429414070e+00, dt = 1.7615292933149698e-02
step = 198
//================================
1.6752759965463980e+02
4.1881899913645009e+02
0.0000000000000000e+00
0.0000000000000000e+00
0.0000000000000000e+00
//================================
time = 2.8606730358745569e+00, dt = 1.7635686911857434e-02
step = 199
//================================
1.6752759965463980e+02
4.1881899913645009e+02
0.0000000000000000e+00
0.0000000000000000e+00
0.0000000000000000e+00
//================================
output result/0200.dat.
//================================
//================================
time = 2.8783087227864144e+00, dt = 1.7655998945154152e-02
step = 200
//================================
1.6752759965463980e+02
4.1881899913645009e+02
0.0000000000000000e+00
0.0000000000000000e+00
0.0000000000000000e+00
//================================
time = 2.8959647217315685e+00, dt = 1.7676229707594186e-02
step = 201
//================================
1.6752759965463980e+02
4.1881899913645009e+02
0.0000000000000000e+00
0.0000000000000000e+00
0.0000000000000000e+00
//================================
time = 2.9136409514391626e+00, dt = 1.7696379861593239e-02
step = 202
//================================
1.6752759965463980e+02
4.1881899913645009e+02
0.0000000000000000e+00
0.0000000000000000e+00
0.0000000000000000e+00
//================================
time = 2.9313373313007558e+00, dt = 1.7716450063959523e-02
step = 203
//================================
1.6752759965463980e+02
4.1881899913645009e+02
0.0000000000000000e+00
0.0000000000000000e+00
0.0000000000000000e+00
//================================
time = 2.9490537813647153e+00, dt = 1.7736440962135329e-02
step = 204
//================================
1.6752759965463980e+02
4.1881899913645009e+02
0.0000000000000000e+00
0.0000000000000000e+00
0.0000000000000000e+00
//================================
time = 2.9667902223268507e+00, dt = 1.7756353194849552e-02
step = 205
//================================
1.6752759965463980e+02
4.1881899913645009e+02
0.0000000000000000e+00
0.0000000000000000e+00
0.0000000000000000e+00
//================================
time = 2.9845465755217004e+00, dt = 1.7776187392707452e-02
step = 206
//================================
1.6752759965463980e+02
4.1881899913645009e+02
0.0000000000000000e+00
0.0000000000000000e+00
0.0000000000000000e+00
//================================
time = 3.0023227629144080e+00, dt = 1.7795944178051467e-02
step = 207
//================================
1.6752759965463980e+02
4.1881899913645009e+02
0.0000000000000000e+00
0.0000000000000000e+00
0.0000000000000000e+00
//================================
time = 3.0201187070924593e+00, dt = 1.7815624165304498e-02
step = 208
//================================
1.6752759965463980e+02
4.1881899913645009e+02
0.0000000000000000e+00
0.0000000000000000e+00
0.0000000000000000e+00
//================================
time = 3.0379343312577638e+00, dt = 1.7835227961044680e-02
step = 209
//================================
1.6752759965463980e+02
4.1881899913645009e+02
0.0000000000000000e+00
0.0000000000000000e+00
0.0000000000000000e+00
//================================
output result/0210.dat.
//================================
//================================
time = 3.0557695592188083e+00, dt = 1.7854756163011073e-02
step = 210
//================================
1.6752759965463980e+02
4.1881899913645009e+02
0.0000000000000000e+00
0.0000000000000000e+00
0.0000000000000000e+00
//================================
time = 3.0736243153818195e+00, dt = 1.7874209364753129e-02
step = 211
//================================
1.6752759965463980e+02
4.1881899913645009e+02
0.0000000000000000e+00
0.0000000000000000e+00
0.0000000000000000e+00
//================================
time = 3.0914985247465725e+00, dt = 1.7893588148979601e-02
step = 212
//================================
1.6752759965463980e+02
4.1881899913645009e+02
0.0000000000000000e+00
0.0000000000000000e+00
0.0000000000000000e+00
//================================
time = 3.1093921128955522e+00, dt = 1.7912893092248392e-02
step = 213
//================================
1.6752759965463980e+02
4.1881899913645009e+02
0.0000000000000000e+00
0.0000000000000000e+00
0.0000000000000000e+00
//================================
time = 3.1273050059878007e+00, dt = 1.7932124763912198e-02
step = 214
//================================
1.6752759965463980e+02
4.1881899913645009e+02
0.0000000000000000e+00
0.0000000000000000e+00
0.0000000000000000e+00
//================================
time = 3.1452371307517129e+00, dt = 1.7951283726246488e-02
step = 215
//================================
1.6752759965463980e+02
4.1881899913645009e+02
0.0000000000000000e+00
0.0000000000000000e+00
0.0000000000000000e+00
//================================
time = 3.1631884144779594e+00, dt = 1.7970370534528352e-02
step = 216
//================================
1.6752759965463980e+02
4.1881899913645009e+02
0.0000000000000000e+00
0.0000000000000000e+00
0.0000000000000000e+00
//================================
time = 3.1811587850124878e+00, dt = 1.7989385737424032e-02
step = 217
//================================
1.6752759965463980e+02
4.1881899913645009e+02
0.0000000000000000e+00
0.0000000000000000e+00
0.0000000000000000e+00
//================================
time = 3.1991481707499116e+00, dt = 1.8008329876626705e-02
step = 218
//================================
1.6752759965463980e+02
4.1881899913645009e+02
0.0000000000000000e+00
0.0000000000000000e+00
0.0000000000000000e+00
//================================
time = 3.2171565006265386e+00, dt = 1.8027203487352171e-02
step = 219
//================================
1.6752759965463980e+02
4.1881899913645009e+02
0.0000000000000000e+00
0.0000000000000000e+00
0.0000000000000000e+00
//================================
output result/0220.dat.
//================================
//================================
time = 3.2351837041138909e+00, dt = 1.8046007098293085e-02
step = 220
//================================
1.6752759965463980e+02
4.1881899913645009e+02
0.0000000000000000e+00
0.0000000000000000e+00
0.0000000000000000e+00
//================================
time = 3.2532297112121840e+00, dt = 1.8064741231769457e-02
step = 221
//================================
1.6752759965463980e+02
4.1881899913645009e+02
0.0000000000000000e+00
0.0000000000000000e+00
0.0000000000000000e+00
//================================
time = 3.2712944524439536e+00, dt = 1.8083406403817278e-02
step = 222
//================================
1.6752759965463980e+02
4.1881899913645009e+02
0.0000000000000000e+00
0.0000000000000000e+00
0.0000000000000000e+00
//================================
time = 3.2893778588477707e+00, dt = 1.8102003124340876e-02
step = 223
//================================
1.6752759965463980e+02
4.1881899913645009e+02
0.0000000000000000e+00
0.0000000000000000e+00
0.0000000000000000e+00
//================================
time = 3.3074798619721117e+00, dt = 1.8120531897083490e-02
step = 224
//================================
1.6752759965463980e+02
4.1881899913645009e+02
0.0000000000000000e+00
0.0000000000000000e+00
0.0000000000000000e+00
//================================
time = 3.3256003938691951e+00, dt = 1.8138993219932727e-02
step = 225
//================================
1.6752759965463980e+02
4.1881899913645009e+02
0.0000000000000000e+00
0.0000000000000000e+00
0.0000000000000000e+00
//================================
time = 3.3437393870891277e+00, dt = 1.8157387584848833e-02
step = 226
//================================
1.6752759965463980e+02
4.1881899913645009e+02
0.0000000000000000e+00
0.0000000000000000e+00
0.0000000000000000e+00
//================================
time = 3.3618967746739763e+00, dt = 1.8175715478033792e-02
step = 227
//================================
1.6752759965463980e+02
4.1881899913645009e+02
0.0000000000000000e+00
0.0000000000000000e+00
0.0000000000000000e+00
//================================
time = 3.3800724901520103e+00, dt = 1.8193977380010006e-02
step = 228
//================================
1.6752759965463980e+02
4.1881899913645009e+02
0.0000000000000000e+00
0.0000000000000000e+00
0.0000000000000000e+00
//================================
time = 3.3982664675320202e+00, dt = 1.8212173765631459e-02
step = 229
//================================
1.6752759965463980e+02
4.1881899913645009e+02
0.0000000000000000e+00
0.0000000000000000e+00
0.0000000000000000e+00
//================================
output result/0230.dat.
//================================
//================================
time = 3.4164786412976516e+00, dt = 1.8230305104288799e-02
step = 230
//================================
1.6752759965463980e+02
4.1881899913645009e+02
0.0000000000000000e+00
0.0000000000000000e+00
0.0000000000000000e+00
//================================
time = 3.4347089464019405e+00, dt = 1.8248371859959835e-02
step = 231
//================================
1.6752759965463980e+02
4.1881899913645009e+02
0.0000000000000000e+00
0.0000000000000000e+00
0.0000000000000000e+00
//================================
time = 3.4529573182619004e+00, dt = 1.8266374491289681e-02
step = 232
//================================
1.6752759965463980e+02
4.1881899913645009e+02
0.0000000000000000e+00
0.0000000000000000e+00
0.0000000000000000e+00
//================================
time = 3.4712236927531901e+00, dt = 1.8284313451664754e-02
step = 233
//================================
1.6752759965463980e+02
4.1881899913645009e+02
0.0000000000000000e+00
0.0000000000000000e+00
0.0000000000000000e+00
//================================
time = 3.4895080062048547e+00, dt = 1.8302189185058357e-02
step = 234
//================================
1.6752759965463980e+02
4.1881899913645009e+02
0.0000000000000000e+00
0.0000000000000000e+00
0.0000000000000000e+00
//================================
time = 3.5078101953899132e+00, dt = 1.8320002143153435e-02
step = 235
//================================
1.6752759965463980e+02
4.1881899913645009e+02
0.0000000000000000e+00
0.0000000000000000e+00
0.0000000000000000e+00
//================================
time = 3.5261301975330666e+00, dt = 1.8337752759830631e-02
step = 236
//================================
1.6752759965463980e+02
4.1881899913645009e+02
0.0000000000000000e+00
0.0000000000000000e+00
0.0000000000000000e+00
//================================
time = 3.5444679502928973e+00, dt = 1.8355441468305499e-02
step = 237
//================================
1.6752759965463980e+02
4.1881899913645009e+02
0.0000000000000000e+00
0.0000000000000000e+00
0.0000000000000000e+00
//================================
time = 3.5628233917612029e+00, dt = 1.8373068696942062e-02
step = 238
//================================
1.6752759965463980e+02
4.1881899913645009e+02
0.0000000000000000e+00
0.0000000000000000e+00
0.0000000000000000e+00
//================================
time = 3.5811964604581448e+00, dt = 1.8390634869327963e-02
step = 239
//================================
1.6752759965463980e+02
4.1881899913645009e+02
0.0000000000000000e+00
0.0000000000000000e+00
0.0000000000000000e+00
//================================
output result/0240.dat.
//================================
//================================
time = 3.5995870953274727e+00, dt = 1.8408140404369507e-02
step = 240
//================================
